<?xml version="1.0" encoding="UTF-8"?>
<testsuite xmlns:xsi="http://www.w3.org/2001/XMLSchema-instance" xsi:noNamespaceSchemaLocation="https://maven.apache.org/surefire/maven-surefire-plugin/xsd/surefire-test-report.xsd" name="com.sanjay.internship.controller.EmployeeFormControllerTest" time="17.214" tests="1" errors="0" skipped="0" failures="1">
  <properties>
[...]
</properties>
  <testcase name="create_OrderProduct_success" classname="com.sanjay.internship.controller.EmployeeFormControllerTest" time="0.076">
    <failure message="&#10;Wanted but not invoked:&#10;employeeFormRepository.save(&#10;    EmployeeForm(employeeId=133e, name=sanjay, address=bengalure, email=sanjay@gmail.com, password=sanjay, telephone=948116649, department=HR, salary=40000.0, endDate=2019/10/9, startDate=2019/10/9)&#10;);&#10;-&gt; at com.sanjay.internship.controller.EmployeeFormControllerTest.create_OrderProduct_success(EmployeeFormControllerTest.java:34)&#10;Actually, there were zero interactions with this mock.&#10;" type="org.mockito.exceptions.verification.WantedButNotInvoked">org.mockito.exceptions.verification.WantedButNotInvoked: 

Wanted but not invoked:
employeeFormRepository.save(
    EmployeeForm(employeeId=133e, name=sanjay, address=bengalure, email=sanjay@gmail.com, password=sanjay, telephone=948116649, department=HR, salary=40000.0, endDate=2019/10/9, startDate=2019/10/9)
);
-> at com.sanjay.internship.controller.EmployeeFormControllerTest.create_OrderProduct_success(EmployeeFormControllerTest.java:34)
Actually, there were zero interactions with this mock.

	at com.sanjay.internship.controller.EmployeeFormControllerTest.create_OrderProduct_success(EmployeeFormControllerTest.java:34)
</failure>
    <system-out><![CDATA[15:54:01.168 [main] DEBUG org.springframework.test.context.junit4.SpringJUnit4ClassRunner - SpringJUnit4ClassRunner constructor called with [class com.sanjay.internship.controller.EmployeeFormControllerTest]
15:54:01.180 [main] DEBUG org.springframework.test.context.BootstrapUtils - Instantiating CacheAwareContextLoaderDelegate from class [org.springframework.test.context.cache.DefaultCacheAwareContextLoaderDelegate]
15:54:01.220 [main] DEBUG org.springframework.test.context.BootstrapUtils - Instantiating BootstrapContext using constructor [public org.springframework.test.context.support.DefaultBootstrapContext(java.lang.Class,org.springframework.test.context.CacheAwareContextLoaderDelegate)]
15:54:01.272 [main] DEBUG org.springframework.test.context.BootstrapUtils - Instantiating TestContextBootstrapper for test class [com.sanjay.internship.controller.EmployeeFormControllerTest] from class [org.springframework.boot.test.context.SpringBootTestContextBootstrapper]
15:54:01.340 [main] INFO org.springframework.boot.test.context.SpringBootTestContextBootstrapper - Neither @ContextConfiguration nor @ContextHierarchy found for test class [com.sanjay.internship.controller.EmployeeFormControllerTest], using SpringBootContextLoader
15:54:01.348 [main] DEBUG org.springframework.test.context.support.AbstractContextLoader - Did not detect default resource location for test class [com.sanjay.internship.controller.EmployeeFormControllerTest]: class path resource [com/sanjay/internship/controller/EmployeeFormControllerTest-context.xml] does not exist
15:54:01.348 [main] DEBUG org.springframework.test.context.support.AbstractContextLoader - Did not detect default resource location for test class [com.sanjay.internship.controller.EmployeeFormControllerTest]: class path resource [com/sanjay/internship/controller/EmployeeFormControllerTestContext.groovy] does not exist
15:54:01.348 [main] INFO org.springframework.test.context.support.AbstractContextLoader - Could not detect default resource locations for test class [com.sanjay.internship.controller.EmployeeFormControllerTest]: no resource found for suffixes {-context.xml, Context.groovy}.
15:54:01.352 [main] INFO org.springframework.test.context.support.AnnotationConfigContextLoaderUtils - Could not detect default configuration classes for test class [com.sanjay.internship.controller.EmployeeFormControllerTest]: EmployeeFormControllerTest does not declare any static, non-private, non-final, nested classes annotated with @Configuration.
15:54:01.596 [main] DEBUG org.springframework.test.context.support.ActiveProfilesUtils - Could not find an 'annotation declaring class' for annotation type [org.springframework.test.context.ActiveProfiles] and class [com.sanjay.internship.controller.EmployeeFormControllerTest]
15:54:01.908 [main] DEBUG org.springframework.context.annotation.ClassPathScanningCandidateComponentProvider - Identified candidate component class: file [H:\prasadasir\internship\target\classes\com\sanjay\internship\InternshipApplication.class]
15:54:01.912 [main] INFO org.springframework.boot.test.context.SpringBootTestContextBootstrapper - Found @SpringBootConfiguration com.sanjay.internship.InternshipApplication for test class com.sanjay.internship.controller.EmployeeFormControllerTest
15:54:02.264 [main] DEBUG org.springframework.boot.test.context.SpringBootTestContextBootstrapper - @TestExecutionListeners is not present for class [com.sanjay.internship.controller.EmployeeFormControllerTest]: using defaults.
15:54:02.264 [main] INFO org.springframework.boot.test.context.SpringBootTestContextBootstrapper - Loaded default TestExecutionListener class names from location [META-INF/spring.factories]: [org.springframework.boot.test.mock.mockito.MockitoTestExecutionListener, org.springframework.boot.test.mock.mockito.ResetMocksTestExecutionListener, org.springframework.boot.test.autoconfigure.restdocs.RestDocsTestExecutionListener, org.springframework.boot.test.autoconfigure.web.client.MockRestServiceServerResetTestExecutionListener, org.springframework.boot.test.autoconfigure.web.servlet.MockMvcPrintOnlyOnFailureTestExecutionListener, org.springframework.boot.test.autoconfigure.web.servlet.WebDriverTestExecutionListener, org.springframework.test.context.web.ServletTestExecutionListener, org.springframework.test.context.support.DirtiesContextBeforeModesTestExecutionListener, org.springframework.test.context.support.DependencyInjectionTestExecutionListener, org.springframework.test.context.support.DirtiesContextTestExecutionListener, org.springframework.test.context.transaction.TransactionalTestExecutionListener, org.springframework.test.context.jdbc.SqlScriptsTestExecutionListener]
15:54:02.348 [main] INFO org.springframework.boot.test.context.SpringBootTestContextBootstrapper - Using TestExecutionListeners: [org.springframework.test.context.web.ServletTestExecutionListener@2d3379b4, org.springframework.test.context.support.DirtiesContextBeforeModesTestExecutionListener@30c15d8b, org.springframework.boot.test.mock.mockito.MockitoTestExecutionListener@5e0e82ae, org.springframework.boot.test.autoconfigure.SpringBootDependencyInjectionTestExecutionListener@6771beb3, org.springframework.test.context.support.DirtiesContextTestExecutionListener@51399530, org.springframework.test.context.transaction.TransactionalTestExecutionListener@6b2ea799, org.springframework.test.context.jdbc.SqlScriptsTestExecutionListener@411f53a0, org.springframework.boot.test.mock.mockito.ResetMocksTestExecutionListener@2b71e916, org.springframework.boot.test.autoconfigure.restdocs.RestDocsTestExecutionListener@36fc695d, org.springframework.boot.test.autoconfigure.web.client.MockRestServiceServerResetTestExecutionListener@28701274, org.springframework.boot.test.autoconfigure.web.servlet.MockMvcPrintOnlyOnFailureTestExecutionListener@13c9d689, org.springframework.boot.test.autoconfigure.web.servlet.WebDriverTestExecutionListener@3754a4bf]
15:54:02.372 [main] DEBUG org.springframework.test.annotation.ProfileValueUtils - Retrieved @ProfileValueSourceConfiguration [null] for test class [com.sanjay.internship.controller.EmployeeFormControllerTest]
15:54:02.376 [main] DEBUG org.springframework.test.annotation.ProfileValueUtils - Retrieved ProfileValueSource type [class org.springframework.test.annotation.SystemProfileValueSource] for class [com.sanjay.internship.controller.EmployeeFormControllerTest]
15:54:02.376 [main] DEBUG org.springframework.test.annotation.ProfileValueUtils - Retrieved @ProfileValueSourceConfiguration [null] for test class [com.sanjay.internship.controller.EmployeeFormControllerTest]
15:54:02.376 [main] DEBUG org.springframework.test.annotation.ProfileValueUtils - Retrieved ProfileValueSource type [class org.springframework.test.annotation.SystemProfileValueSource] for class [com.sanjay.internship.controller.EmployeeFormControllerTest]
15:54:02.384 [main] DEBUG org.springframework.test.annotation.ProfileValueUtils - Retrieved @ProfileValueSourceConfiguration [null] for test class [com.sanjay.internship.controller.EmployeeFormControllerTest]
15:54:02.384 [main] DEBUG org.springframework.test.annotation.ProfileValueUtils - Retrieved ProfileValueSource type [class org.springframework.test.annotation.SystemProfileValueSource] for class [com.sanjay.internship.controller.EmployeeFormControllerTest]
15:54:02.392 [main] DEBUG org.springframework.test.context.support.AbstractDirtiesContextTestExecutionListener - Before test class: context [DefaultTestContext@815b41f testClass = EmployeeFormControllerTest, testInstance = [null], testMethod = [null], testException = [null], mergedContextConfiguration = [WebMergedContextConfiguration@5542c4ed testClass = EmployeeFormControllerTest, locations = '{}', classes = '{class com.sanjay.internship.InternshipApplication}', contextInitializerClasses = '[]', activeProfiles = '{}', propertySourceLocations = '{}', propertySourceProperties = '{org.springframework.boot.test.context.SpringBootTestContextBootstrapper=true}', contextCustomizers = set[org.springframework.boot.test.context.filter.ExcludeFilterContextCustomizer@18bf3d14, org.springframework.boot.test.json.DuplicateJsonObjectContextCustomizerFactory$DuplicateJsonObjectContextCustomizer@782663d3, org.springframework.boot.test.mock.mockito.MockitoContextCustomizer@0, org.springframework.boot.test.web.client.TestRestTemplateContextCustomizer@77846d2c, org.springframework.boot.test.autoconfigure.properties.PropertyMappingContextCustomizer@0, org.springframework.boot.test.autoconfigure.web.servlet.WebDriverContextCustomizerFactory$Customizer@6dde5c8c], resourceBasePath = 'src/main/webapp', contextLoader = 'org.springframework.boot.test.context.SpringBootContextLoader', parent = [null]], attributes = map['org.springframework.test.context.web.ServletTestExecutionListener.activateListener' -> true]], class annotated with @DirtiesContext [false] with mode [null].
15:54:02.392 [main] DEBUG org.springframework.test.annotation.ProfileValueUtils - Retrieved @ProfileValueSourceConfiguration [null] for test class [com.sanjay.internship.controller.EmployeeFormControllerTest]
15:54:02.392 [main] DEBUG org.springframework.test.annotation.ProfileValueUtils - Retrieved ProfileValueSource type [class org.springframework.test.annotation.SystemProfileValueSource] for class [com.sanjay.internship.controller.EmployeeFormControllerTest]
15:54:02.504 [main] DEBUG org.springframework.test.context.support.TestPropertySourceUtils - Adding inlined properties to environment: {spring.jmx.enabled=false, org.springframework.boot.test.context.SpringBootTestContextBootstrapper=true, server.port=-1}

  .   ____          _            __ _ _
 /\\ / ___'_ __ _ _(_)_ __  __ _ \ \ \ \
( ( )\___ | '_ | '_| | '_ \/ _` | \ \ \ \
 \\/  ___)| |_)| | | | | || (_| |  ) ) ) )
  '  |____| .__|_| |_|_| |_\__, | / / / /
 =========|_|==============|___/=/_/_/_/
 :: Spring Boot ::        (v2.1.9.RELEASE)

2019-10-21 15:54:03.884  INFO 8340 --- [           main] c.s.i.c.EmployeeFormControllerTest       : Starting EmployeeFormControllerTest on sanjay with PID 8340 (started by patil in H:\prasadasir\internship)
2019-10-21 15:54:03.888  INFO 8340 --- [           main] c.s.i.c.EmployeeFormControllerTest       : No active profile set, falling back to default profiles: default
2019-10-21 15:54:06.808  INFO 8340 --- [           main] .s.d.r.c.RepositoryConfigurationDelegate : Bootstrapping Spring Data repositories in DEFAULT mode.
2019-10-21 15:54:06.968  INFO 8340 --- [           main] .s.d.r.c.RepositoryConfigurationDelegate : Finished Spring Data repository scanning in 120ms. Found 1 repository interfaces.
2019-10-21 15:54:09.972  INFO 8340 --- [           main] org.mongodb.driver.cluster               : Cluster created with settings {hosts=[localhost:27017], mode=MULTIPLE, requiredClusterType=UNKNOWN, serverSelectionTimeout='30000 ms', maxWaitQueueSize=500}
2019-10-21 15:54:09.972  INFO 8340 --- [           main] org.mongodb.driver.cluster               : Adding discovered server localhost:27017 to client view of cluster
2019-10-21 15:54:10.552  WARN 8340 --- [           main] o.s.data.convert.CustomConversions       : Registering converter from class java.time.LocalDateTime to class java.time.Instant as reading converter although it doesn't convert from a store-supported type! You might wanna check you annotation setup at the converter implementation.
2019-10-21 15:54:10.552  WARN 8340 --- [           main] o.s.data.convert.CustomConversions       : Registering converter from class java.time.Instant to class java.time.LocalDateTime as reading converter although it doesn't convert from a store-supported type! You might wanna check you annotation setup at the converter implementation.
2019-10-21 15:54:10.860  WARN 8340 --- [           main] o.s.data.convert.CustomConversions       : Registering converter from class java.time.LocalDateTime to class java.time.Instant as reading converter although it doesn't convert from a store-supported type! You might wanna check you annotation setup at the converter implementation.
2019-10-21 15:54:10.860  WARN 8340 --- [           main] o.s.data.convert.CustomConversions       : Registering converter from class java.time.Instant to class java.time.LocalDateTime as reading converter although it doesn't convert from a store-supported type! You might wanna check you annotation setup at the converter implementation.
2019-10-21 15:54:11.156  INFO 8340 --- [localhost:27017] org.mongodb.driver.cluster               : Exception in monitor thread while connecting to server localhost:27017

com.mongodb.MongoSocketOpenException: Exception opening socket
	at com.mongodb.internal.connection.SocketStream.open(SocketStream.java:67) ~[mongodb-driver-core-3.8.2.jar:na]
	at com.mongodb.internal.connection.InternalStreamConnection.open(InternalStreamConnection.java:126) ~[mongodb-driver-core-3.8.2.jar:na]
	at com.mongodb.internal.connection.DefaultServerMonitor$ServerMonitorRunnable.run(DefaultServerMonitor.java:117) ~[mongodb-driver-core-3.8.2.jar:na]
	at java.lang.Thread.run(Thread.java:748) [na:1.8.0_221]
Caused by: java.net.ConnectException: Connection refused: connect
	at java.net.DualStackPlainSocketImpl.waitForConnect(Native Method) ~[na:1.8.0_221]
	at java.net.DualStackPlainSocketImpl.socketConnect(DualStackPlainSocketImpl.java:85) ~[na:1.8.0_221]
	at java.net.AbstractPlainSocketImpl.doConnect(AbstractPlainSocketImpl.java:350) ~[na:1.8.0_221]
	at java.net.AbstractPlainSocketImpl.connectToAddress(AbstractPlainSocketImpl.java:206) ~[na:1.8.0_221]
	at java.net.AbstractPlainSocketImpl.connect(AbstractPlainSocketImpl.java:188) ~[na:1.8.0_221]
	at java.net.PlainSocketImpl.connect(PlainSocketImpl.java:172) ~[na:1.8.0_221]
	at java.net.SocksSocketImpl.connect(SocksSocketImpl.java:392) ~[na:1.8.0_221]
	at java.net.Socket.connect(Socket.java:589) ~[na:1.8.0_221]
	at com.mongodb.internal.connection.SocketStreamHelper.initialize(SocketStreamHelper.java:64) ~[mongodb-driver-core-3.8.2.jar:na]
	at com.mongodb.internal.connection.SocketStream.open(SocketStream.java:62) ~[mongodb-driver-core-3.8.2.jar:na]
	... 3 common frames omitted

2019-10-21 15:54:13.756  INFO 8340 --- [           main] o.s.s.concurrent.ThreadPoolTaskExecutor  : Initializing ExecutorService 'applicationTaskExecutor'
2019-10-21 15:54:15.453  INFO 8340 --- [           main] c.s.i.c.EmployeeFormControllerTest       : Started EmployeeFormControllerTest in 12.829 seconds (JVM running for 16.206)
]]></system-out>
  </testcase>
</testsuite>